<?xml version="1.0" encoding="UTF-8"?>
<!-- Generated by org.testng.reporters.JUnitReportReporter -->
<testsuite hostname="Praful" failures="0" tests="4" name="TestLayer.AdminPageTest" time="17.601" errors="0" timestamp="2024-12-25T20:41:20 IST" skipped="0">
  <testcase classname="TestLayer.AdminPageTest" name="validateAdminPage" time="0.861"/>
  <system-out/>
  <testcase classname="TestLayer.AdminPageTest" name="addUserCredentails" time="13.913"/>
  <system-out/>
  <testcase classname="TestLayer.AdminPageTest" name="logoutFunctionality" time="1.119"/>
  <system-out/>
  <testcase classname="TestLayer.AdminPageTest" name="validateLoginFunctionality" time="1.708"/>
  <system-out/>
</testsuite> <!-- TestLayer.AdminPageTest -->
