<?xml version="1.0" encoding="UTF-8"?>
<!-- Generated by org.testng.reporters.JUnitReportReporter -->
<testsuite hostname="Praful" failures="0" tests="2" name="TestLayer.LoginPageTest" time="12.218" errors="0" timestamp="2024-12-25T20:41:20 IST" skipped="0">
  <testcase classname="TestLayer.LoginPageTest" name="setup" time="3.521"/>
  <system-out/>
  <testcase classname="TestLayer.LoginPageTest" name="validateLoginFunctionality" time="8.697"/>
  <system-out/>
</testsuite> <!-- TestLayer.LoginPageTest -->
