<?xml version="1.0" encoding="UTF-8"?>
<!-- Generated by org.testng.reporters.JUnitReportReporter -->
<testsuite hostname="Lenovo-IdeaPad" failures="0" tests="3" name="TestLayer.HomePageTest" time="0.398" errors="0" timestamp="2025-01-24T10:45:56 IST" skipped="0">
  <testcase classname="TestLayer.HomePageTest" name="validateLogo" time="0.387"/>
  <system-out/>
  <testcase classname="TestLayer.HomePageTest" name="validateHomeTitle" time="0.010"/>
  <system-out/>
  <testcase classname="TestLayer.HomePageTest" name="validateHomeUrl" time="0.001"/>
  <system-out/>
</testsuite> <!-- TestLayer.HomePageTest -->
