<?xml version="1.0" encoding="UTF-8"?>
<!-- Generated by org.testng.reporters.JUnitReportReporter -->
<testsuite hostname="Lenovo-IdeaPad" failures="0" tests="2" name="TestLayer.LoginPageTest" time="14.236" errors="0" timestamp="2025-01-24T10:45:56 IST" skipped="0">
  <testcase classname="TestLayer.LoginPageTest" name="setup" time="12.415"/>
  <system-out/>
  <testcase classname="TestLayer.LoginPageTest" name="validateLoginFunctionality" time="1.821"/>
  <system-out/>
</testsuite> <!-- TestLayer.LoginPageTest -->
