<?xml version="1.0" encoding="UTF-8"?>
<!-- Generated by org.testng.reporters.JUnitReportReporter -->
<testsuite hostname="Lenovo-IdeaPad" failures="0" tests="4" name="TestLayer.PIMPageTest" time="21.234" errors="0" timestamp="2025-01-24T10:45:56 IST" skipped="0">
  <testcase classname="TestLayer.PIMPageTest" name="validatePimPage" time="0.954"/>
  <system-out/>
  <testcase classname="TestLayer.PIMPageTest" name="validateNewEmployee" time="6.961"/>
  <system-out/>
  <testcase classname="TestLayer.PIMPageTest" name="validateEmployeeInformation" time="7.054"/>
  <system-out/>
  <testcase classname="TestLayer.PIMPageTest" name="validateSearchFunctionality" time="6.265"/>
  <system-out/>
</testsuite> <!-- TestLayer.PIMPageTest -->
