<?xml version="1.0" encoding="UTF-8"?>
<!-- Generated by org.testng.reporters.JUnitReportReporter -->
<testsuite hostname="Praful" failures="0" tests="3" name="TestLayer.HomePageTest" time="0.436" errors="0" timestamp="2024-12-25T20:41:20 IST" skipped="0">
  <testcase classname="TestLayer.HomePageTest" name="validateLogo" time="0.403"/>
  <system-out/>
  <testcase classname="TestLayer.HomePageTest" name="validateHomeTitle" time="0.017"/>
  <system-out/>
  <testcase classname="TestLayer.HomePageTest" name="validateHomeUrl" time="0.016"/>
  <system-out/>
</testsuite> <!-- TestLayer.HomePageTest -->
