<?xml version="1.0" encoding="UTF-8"?>
<!-- Generated by org.testng.reporters.JUnitReportReporter -->
<testsuite hostname="Praful" failures="0" tests="18" name="TestLayer.DemoOrangeHRMTest" time="91.521" errors="0" timestamp="2024-12-20T18:42:44 IST" skipped="0">
  <testcase classname="TestLayer.DemoOrangeHRMTest" name="validatePimLink" time="1.392"/>
  <system-out/>
  <testcase classname="TestLayer.DemoOrangeHRMTest" name="validatePimLink" time="1.435"/>
  <system-out/>
  <testcase classname="TestLayer.DemoOrangeHRMTest" name="validateLoginFunctionality" time="6.772"/>
  <system-out/>
  <testcase classname="TestLayer.DemoOrangeHRMTest" name="validateLoginFunctionality" time="6.758"/>
  <system-out/>
  <testcase classname="TestLayer.DemoOrangeHRMTest" name="validateAddEmployee" time="6.564"/>
  <system-out/>
  <testcase classname="TestLayer.DemoOrangeHRMTest" name="validateAddEmployee" time="6.523"/>
  <system-out/>
  <testcase classname="TestLayer.DemoOrangeHRMTest" name="validateAddMoreEmployeeDetails" time="8.847"/>
  <system-out/>
  <testcase classname="TestLayer.DemoOrangeHRMTest" name="validateAddMoreEmployeeDetails" time="7.863"/>
  <system-out/>
  <testcase classname="TestLayer.DemoOrangeHRMTest" name="validateSearchEmployee" time="6.245"/>
  <system-out/>
  <testcase classname="TestLayer.DemoOrangeHRMTest" name="validateSearchEmployee" time="6.989"/>
  <system-out/>
  <testcase classname="TestLayer.DemoOrangeHRMTest" name="validateAdminLink" time="1.111"/>
  <system-out/>
  <testcase classname="TestLayer.DemoOrangeHRMTest" name="validateAdminLink" time="0.833"/>
  <system-out/>
  <testcase classname="TestLayer.DemoOrangeHRMTest" name="validateAddUserAdminPage" time="12.453"/>
  <system-out/>
  <testcase classname="TestLayer.DemoOrangeHRMTest" name="validateAddUserAdminPage" time="15.014"/>
  <system-out/>
  <testcase classname="TestLayer.DemoOrangeHRMTest" name="validateLogout" time="1.871"/>
  <system-out/>
  <testcase classname="TestLayer.DemoOrangeHRMTest" name="validateLogout" time="0.851"/>
  <system-out/>
  <testcase classname="TestLayer.DemoOrangeHRMTest" name="validateEmployeeLogin" time="0.000"/>
  <system-out/>
  <testcase classname="TestLayer.DemoOrangeHRMTest" name="validateEmployeeLogin" time="0.000"/>
  <system-out/>
</testsuite> <!-- TestLayer.DemoOrangeHRMTest -->
