<?xml version="1.0" encoding="UTF-8"?>
<!-- Generated by org.testng.reporters.JUnitReportReporter -->
<testsuite hostname="Praful" failures="0" tests="4" name="TestLayer.PIMPageTest" time="23.310" errors="0" timestamp="2024-12-25T20:41:20 IST" skipped="0">
  <testcase classname="TestLayer.PIMPageTest" name="validatePimPage" time="1.089"/>
  <system-out/>
  <testcase classname="TestLayer.PIMPageTest" name="validateNewEmployee" time="8.000"/>
  <system-out/>
  <testcase classname="TestLayer.PIMPageTest" name="validateEmployeeInformation" time="7.499"/>
  <system-out/>
  <testcase classname="TestLayer.PIMPageTest" name="validateSearchFunctionality" time="6.722"/>
  <system-out/>
</testsuite> <!-- TestLayer.PIMPageTest -->
